<?xml version="1.0" encoding="UTF-8"?>
<testsuite xmlns:xsi="http://www.w3.org/2001/XMLSchema-instance" xsi:noNamespaceSchemaLocation="https://maven.apache.org/surefire/maven-surefire-plugin/xsd/surefire-test-report.xsd" version="3.0.2" name="com.pcis.observability.filter.CorrelationIdFilterTest" time="0.031" tests="7" errors="0" skipped="0" failures="0">
  <properties>
[...]
</properties>
  <testcase name="sanitizesInvalidHeaderWithControlCharacters" classname="com.pcis.observability.filter.CorrelationIdFilterTest" time="0.02">
    <system-out><![CDATA[{"@timestamp":"2026-08-10T23:51:21.370344-05:00","level":"DEBUG","logger":"com.pcis.observability.filter.CorrelationIdFilter","thread":"main","message":"Rejecting invalid X-Correlation-ID header value","service":"pcis-observability-it"}
]]></system-out>
  </testcase>
  <testcase name="generatesUuidWhenHeaderAbsent" classname="com.pcis.observability.filter.CorrelationIdFilterTest" time="0.001"/>
  <testcase name="usesPrincipalNameAsActorWhenHeaderMissing" classname="com.pcis.observability.filter.CorrelationIdFilterTest" time="0.001"/>
  <testcase name="usesInboundCorrelationHeaderWhenValid" classname="com.pcis.observability.filter.CorrelationIdFilterTest" time="0.001"/>
  <testcase name="resolveCorrelationIdRejectsSpacesAndEmpty" classname="com.pcis.observability.filter.CorrelationIdFilterTest" time="0.003">
    <system-out><![CDATA[{"@timestamp":"2026-08-10T23:51:21.377834-05:00","level":"DEBUG","logger":"com.pcis.observability.filter.CorrelationIdFilter","thread":"main","message":"Rejecting invalid X-Correlation-ID header value","service":"pcis-observability-it"}
]]></system-out>
  </testcase>
  <testcase name="clearsMdcWhenChainThrowsIoException" classname="com.pcis.observability.filter.CorrelationIdFilterTest" time="0.003"/>
  <testcase name="clearsMdcEvenWhenFilterChainThrows" classname="com.pcis.observability.filter.CorrelationIdFilterTest" time="0.001"/>
</testsuite>